

Started GET "/landing/index" for 127.0.0.1 at Wed Apr 25 22:18:58 +0200 2012
  Processing by LandingController#index as HTML
Rendered landing/index.html.erb within layouts/application (2.3ms)
Completed 200 OK in 11ms (Views: 10.6ms | ActiveRecord: 0.0ms)


Started GET "/" for 127.0.0.1 at Wed Apr 25 22:33:15 +0200 2012

ActionController::RoutingError (uninitialized constant SubjectsController):
  

Rendered /Library/Ruby/Gems/1.8/gems/actionpack-3.0.5/lib/action_dispatch/middleware/templates/rescues/routing_error.erb within rescues/layout (1.0ms)


Started GET "/" for 127.0.0.1 at Wed Apr 25 22:33:15 +0200 2012

ActionController::RoutingError (uninitialized constant SubjectsController):
  

Rendered /Library/Ruby/Gems/1.8/gems/actionpack-3.0.5/lib/action_dispatch/middleware/templates/rescues/routing_error.erb within rescues/layout (0.9ms)


Started GET "/" for 127.0.0.1 at Wed Apr 25 22:33:15 +0200 2012

ActionController::RoutingError (uninitialized constant SubjectsController):
  

Rendered /Library/Ruby/Gems/1.8/gems/actionpack-3.0.5/lib/action_dispatch/middleware/templates/rescues/routing_error.erb within rescues/layout (0.9ms)


Started GET "/" for 127.0.0.1 at Wed Apr 25 22:33:15 +0200 2012

ActionController::RoutingError (uninitialized constant SubjectsController):
  

Rendered /Library/Ruby/Gems/1.8/gems/actionpack-3.0.5/lib/action_dispatch/middleware/templates/rescues/routing_error.erb within rescues/layout (1.3ms)


Started GET "/" for 127.0.0.1 at Wed Apr 25 22:33:59 +0200 2012
  Processing by LandingController#index as HTML
Rendered landing/index.html.erb within layouts/application (2.1ms)
Completed 200 OK in 10ms (Views: 9.7ms | ActiveRecord: 0.0ms)


Started GET "/" for 127.0.0.1 at Wed Apr 25 22:34:52 +0200 2012
  Processing by LandingController#index as HTML
Rendered landing/index.html.erb within layouts/application (2.2ms)
Completed 200 OK in 10ms (Views: 9.7ms | ActiveRecord: 0.0ms)


Started GET "/" for 127.0.0.1 at Wed Apr 25 22:42:14 +0200 2012
  Processing by LandingController#index as HTML
Rendered landing/index.html.erb within layouts/application (4.1ms)
Completed 200 OK in 13ms (Views: 12.2ms | ActiveRecord: 0.0ms)


Started GET "/" for 127.0.0.1 at Wed Apr 25 22:42:49 +0200 2012
  Processing by LandingController#index as HTML
Rendered landing/index.html.erb within layouts/application (2.0ms)
Completed 200 OK in 9ms (Views: 8.4ms | ActiveRecord: 0.0ms)


Started GET "/" for 127.0.0.1 at Wed Apr 25 22:43:04 +0200 2012
  Processing by LandingController#index as HTML
Rendered landing/index.html.erb within layouts/application (2.8ms)
Completed 200 OK in 10ms (Views: 9.7ms | ActiveRecord: 0.0ms)


Started GET "/" for 127.0.0.1 at Wed Apr 25 23:00:27 +0200 2012
  Processing by LandingController#index as HTML
Rendered landing/index.html.erb within layouts/application (2.9ms)
Completed 200 OK in 10ms (Views: 9.6ms | ActiveRecord: 0.0ms)


Started GET "/" for 127.0.0.1 at Wed Apr 25 23:00:42 +0200 2012
  Processing by LandingController#index as HTML
Rendered landing/index.html.erb within layouts/application (2.9ms)
Completed 200 OK in 10ms (Views: 9.6ms | ActiveRecord: 0.0ms)


Started GET "/" for 127.0.0.1 at Wed Apr 25 23:01:21 +0200 2012
  Processing by LandingController#index as HTML
Rendered landing/index.html.erb within layouts/application (2.7ms)
Completed 200 OK in 10ms (Views: 9.7ms | ActiveRecord: 0.0ms)


Started GET "/" for 127.0.0.1 at Wed Apr 25 23:01:56 +0200 2012
  Processing by LandingController#index as HTML
Rendered landing/index.html.erb within layouts/application (2.9ms)
Completed 200 OK in 10ms (Views: 9.4ms | ActiveRecord: 0.0ms)


Started GET "/" for 127.0.0.1 at Wed Apr 25 23:04:41 +0200 2012
  Processing by LandingController#index as HTML
Rendered landing/index.html.erb within layouts/application (2.9ms)
Completed 200 OK in 10ms (Views: 9.9ms | ActiveRecord: 0.0ms)


Started GET "/" for 127.0.0.1 at Wed Apr 25 23:04:49 +0200 2012
  Processing by LandingController#index as HTML
Rendered landing/index.html.erb within layouts/application (2.8ms)
Completed 200 OK in 10ms (Views: 9.7ms | ActiveRecord: 0.0ms)


Started GET "/" for 127.0.0.1 at Wed Apr 25 23:05:12 +0200 2012
  Processing by LandingController#index as HTML
Rendered landing/index.html.erb within layouts/application (2.8ms)
Completed 200 OK in 10ms (Views: 9.4ms | ActiveRecord: 0.0ms)


Started GET "/" for 127.0.0.1 at Wed Apr 25 23:05:23 +0200 2012
  Processing by LandingController#index as HTML
Rendered landing/index.html.erb within layouts/application (2.7ms)
Completed 200 OK in 10ms (Views: 9.3ms | ActiveRecord: 0.0ms)


Started GET "/" for 127.0.0.1 at Wed Apr 25 23:10:25 +0200 2012
  Processing by LandingController#index as HTML
Rendered landing/index.html.erb within layouts/application (24.4ms)
Completed 200 OK in 32ms (Views: 31.1ms | ActiveRecord: 0.0ms)


Started GET "/" for 127.0.0.1 at Wed Apr 25 23:10:31 +0200 2012
  Processing by LandingController#index as HTML
Rendered landing/index.html.erb within layouts/application (2.9ms)
Completed 200 OK in 10ms (Views: 9.8ms | ActiveRecord: 0.0ms)


Started GET "/" for 127.0.0.1 at Wed Apr 25 23:11:03 +0200 2012
  Processing by LandingController#index as HTML
Rendered landing/index.html.erb within layouts/application (2.9ms)
Completed 200 OK in 10ms (Views: 9.5ms | ActiveRecord: 0.0ms)


Started GET "/" for 127.0.0.1 at Wed Apr 25 23:11:13 +0200 2012
  Processing by LandingController#index as HTML
Rendered landing/index.html.erb within layouts/application (78.7ms)
Completed 200 OK in 86ms (Views: 85.3ms | ActiveRecord: 0.0ms)


Started GET "/" for 127.0.0.1 at Wed Apr 25 23:11:31 +0200 2012
  Processing by LandingController#index as HTML
Rendered landing/index.html.erb within layouts/application (2.8ms)
Completed 200 OK in 10ms (Views: 9.4ms | ActiveRecord: 0.0ms)


Started GET "/" for 127.0.0.1 at Wed Apr 25 23:14:44 +0200 2012
  Processing by LandingController#index as HTML
Rendered landing/index.html.erb within layouts/application (2.7ms)
Completed 200 OK in 10ms (Views: 9.5ms | ActiveRecord: 0.0ms)


Started GET "/" for 127.0.0.1 at Wed Apr 25 23:14:54 +0200 2012
  Processing by LandingController#index as HTML
Rendered landing/index.html.erb within layouts/application (2.9ms)
Completed 200 OK in 10ms (Views: 9.4ms | ActiveRecord: 0.0ms)


Started GET "/" for 127.0.0.1 at Wed Apr 25 23:16:20 +0200 2012
  Processing by LandingController#index as HTML
Rendered landing/index.html.erb within layouts/application (2.7ms)
Completed 200 OK in 10ms (Views: 9.4ms | ActiveRecord: 0.0ms)


Started GET "/" for 127.0.0.1 at Wed Apr 25 23:16:30 +0200 2012
  Processing by LandingController#index as HTML
Rendered landing/index.html.erb within layouts/application (2.9ms)
Completed 200 OK in 10ms (Views: 9.7ms | ActiveRecord: 0.0ms)


Started GET "/" for 127.0.0.1 at Wed Apr 25 23:16:35 +0200 2012
  Processing by LandingController#index as HTML
Rendered landing/index.html.erb within layouts/application (2.9ms)
Completed 200 OK in 11ms (Views: 9.9ms | ActiveRecord: 0.0ms)


Started GET "/" for 127.0.0.1 at Wed Apr 25 23:17:03 +0200 2012
  Processing by LandingController#index as HTML
Rendered landing/index.html.erb within layouts/application (2.8ms)
Completed 200 OK in 10ms (Views: 9.7ms | ActiveRecord: 0.0ms)


Started GET "/" for 127.0.0.1 at Wed Apr 25 23:18:07 +0200 2012
  Processing by LandingController#index as HTML
Rendered landing/index.html.erb within layouts/application (2.7ms)
Completed 200 OK in 10ms (Views: 9.6ms | ActiveRecord: 0.0ms)


Started GET "/" for 127.0.0.1 at Wed Apr 25 23:18:24 +0200 2012
  Processing by LandingController#index as HTML
Rendered landing/index.html.erb within layouts/application (2.9ms)
Completed 200 OK in 10ms (Views: 9.8ms | ActiveRecord: 0.0ms)


Started GET "/" for 127.0.0.1 at Wed Apr 25 23:18:28 +0200 2012
  Processing by LandingController#index as HTML
Rendered landing/index.html.erb within layouts/application (2.7ms)
Completed 200 OK in 10ms (Views: 9.5ms | ActiveRecord: 0.0ms)


Started GET "/" for 127.0.0.1 at Wed Apr 25 23:19:38 +0200 2012
  Processing by LandingController#index as HTML
Rendered landing/index.html.erb within layouts/application (2.7ms)
Completed 200 OK in 10ms (Views: 9.4ms | ActiveRecord: 0.0ms)


Started GET "/" for 127.0.0.1 at Wed Apr 25 23:19:44 +0200 2012
  Processing by LandingController#index as HTML
Rendered landing/index.html.erb within layouts/application (2.8ms)
Completed 200 OK in 10ms (Views: 9.6ms | ActiveRecord: 0.0ms)


Started GET "/" for 127.0.0.1 at Wed Apr 25 23:21:00 +0200 2012
  Processing by LandingController#index as HTML
Rendered landing/index.html.erb within layouts/application (2.8ms)
Completed 200 OK in 10ms (Views: 9.8ms | ActiveRecord: 0.0ms)


Started GET "/" for 127.0.0.1 at Wed Apr 25 23:21:30 +0200 2012
  Processing by LandingController#index as HTML
Rendered landing/index.html.erb within layouts/application (2.8ms)
Completed 200 OK in 10ms (Views: 9.4ms | ActiveRecord: 0.0ms)


Started GET "/" for 127.0.0.1 at Wed Apr 25 23:21:57 +0200 2012
  Processing by LandingController#index as HTML
Rendered landing/index.html.erb within layouts/application (2.7ms)
Completed 200 OK in 10ms (Views: 9.1ms | ActiveRecord: 0.0ms)


Started GET "/" for 127.0.0.1 at Wed Apr 25 23:22:33 +0200 2012
  Processing by LandingController#index as HTML
Rendered landing/index.html.erb within layouts/application (2.8ms)
Completed 200 OK in 10ms (Views: 9.4ms | ActiveRecord: 0.0ms)


Started GET "/" for 127.0.0.1 at Wed Apr 25 23:24:03 +0200 2012
  Processing by LandingController#index as HTML
Rendered landing/index.html.erb within layouts/application (3.0ms)
Completed 200 OK in 10ms (Views: 9.7ms | ActiveRecord: 0.0ms)


Started GET "/" for 127.0.0.1 at Wed Apr 25 23:24:27 +0200 2012
  Processing by LandingController#index as HTML
Rendered landing/index.html.erb within layouts/application (7.0ms)
Completed 200 OK in 15ms (Views: 14.4ms | ActiveRecord: 0.0ms)


Started GET "/" for 127.0.0.1 at Wed Apr 25 23:24:44 +0200 2012
  Processing by LandingController#index as HTML
Rendered landing/index.html.erb within layouts/application (2.9ms)
Completed 200 OK in 10ms (Views: 9.8ms | ActiveRecord: 0.0ms)


Started GET "/" for 127.0.0.1 at Wed Apr 25 23:25:19 +0200 2012
  Processing by LandingController#index as HTML
Rendered landing/index.html.erb within layouts/application (2.8ms)
Completed 200 OK in 10ms (Views: 9.7ms | ActiveRecord: 0.0ms)


Started GET "/" for 127.0.0.1 at Wed Apr 25 23:25:33 +0200 2012
  Processing by LandingController#index as HTML
Rendered landing/index.html.erb within layouts/application (2.8ms)
Completed 200 OK in 11ms (Views: 10.1ms | ActiveRecord: 0.0ms)


Started GET "/" for 127.0.0.1 at Wed Apr 25 23:25:39 +0200 2012
  Processing by LandingController#index as HTML
Rendered landing/index.html.erb within layouts/application (2.8ms)
Completed 200 OK in 10ms (Views: 9.6ms | ActiveRecord: 0.0ms)


Started GET "/" for 127.0.0.1 at Wed Apr 25 23:26:15 +0200 2012
  Processing by LandingController#index as HTML
Rendered landing/index.html.erb within layouts/application (2.7ms)
Completed 200 OK in 10ms (Views: 9.5ms | ActiveRecord: 0.0ms)


Started GET "/" for 127.0.0.1 at Wed Apr 25 23:27:32 +0200 2012
  Processing by LandingController#index as HTML
Rendered landing/index.html.erb within layouts/application (2.8ms)
Completed 200 OK in 10ms (Views: 9.2ms | ActiveRecord: 0.0ms)


Started GET "/" for 127.0.0.1 at Wed Apr 25 23:33:10 +0200 2012
  Processing by LandingController#index as HTML
Rendered landing/index.html.erb within layouts/application (3.1ms)
Completed 200 OK in 10ms (Views: 9.9ms | ActiveRecord: 0.0ms)


Started GET "/" for 127.0.0.1 at Wed Apr 25 23:33:36 +0200 2012
  Processing by LandingController#index as HTML
Rendered landing/index.html.erb within layouts/application (2.9ms)
Completed 200 OK in 10ms (Views: 9.6ms | ActiveRecord: 0.0ms)


Started GET "/" for 127.0.0.1 at Wed Apr 25 23:34:02 +0200 2012
  Processing by LandingController#index as HTML
Rendered landing/index.html.erb within layouts/application (2.8ms)
Completed 200 OK in 10ms (Views: 9.3ms | ActiveRecord: 0.0ms)


Started GET "/" for 127.0.0.1 at Wed Apr 25 23:34:08 +0200 2012
  Processing by LandingController#index as HTML
Rendered landing/index.html.erb within layouts/application (2.9ms)
Completed 200 OK in 10ms (Views: 9.5ms | ActiveRecord: 0.0ms)


Started GET "/" for 127.0.0.1 at Wed Apr 25 23:34:10 +0200 2012
  Processing by LandingController#index as HTML
Rendered landing/index.html.erb within layouts/application (2.7ms)
Completed 200 OK in 10ms (Views: 9.4ms | ActiveRecord: 0.0ms)


Started GET "/" for 127.0.0.1 at Wed Apr 25 23:34:10 +0200 2012
  Processing by LandingController#index as HTML
Rendered landing/index.html.erb within layouts/application (2.9ms)
Completed 200 OK in 10ms (Views: 9.4ms | ActiveRecord: 0.0ms)


Started GET "/" for 127.0.0.1 at Wed Apr 25 23:34:29 +0200 2012
  Processing by LandingController#index as HTML
Rendered landing/index.html.erb within layouts/application (2.8ms)
Completed 200 OK in 10ms (Views: 9.2ms | ActiveRecord: 0.0ms)


Started GET "/" for 127.0.0.1 at Wed Apr 25 23:34:44 +0200 2012
  Processing by LandingController#index as HTML
Rendered landing/index.html.erb within layouts/application (2.7ms)
Completed 200 OK in 10ms (Views: 9.2ms | ActiveRecord: 0.0ms)


Started GET "/" for 127.0.0.1 at Wed Apr 25 23:35:06 +0200 2012
  Processing by LandingController#index as HTML
Rendered landing/index.html.erb within layouts/application (2.9ms)
Completed 200 OK in 10ms (Views: 9.8ms | ActiveRecord: 0.0ms)


Started GET "/" for 127.0.0.1 at Wed Apr 25 23:35:23 +0200 2012
  Processing by LandingController#index as HTML
Rendered landing/index.html.erb within layouts/application (2.7ms)
Completed 200 OK in 10ms (Views: 9.5ms | ActiveRecord: 0.0ms)


Started GET "/" for 127.0.0.1 at Wed Apr 25 23:35:32 +0200 2012
  Processing by LandingController#index as HTML
Rendered landing/index.html.erb within layouts/application (2.9ms)
Completed 200 OK in 10ms (Views: 9.8ms | ActiveRecord: 0.0ms)


Started GET "/" for 127.0.0.1 at Wed Apr 25 23:35:55 +0200 2012
  Processing by LandingController#index as HTML
Rendered landing/index.html.erb within layouts/application (2.7ms)
Completed 200 OK in 10ms (Views: 9.5ms | ActiveRecord: 0.0ms)


Started GET "/" for 127.0.0.1 at Wed Apr 25 23:36:12 +0200 2012
  Processing by LandingController#index as HTML
Rendered landing/index.html.erb within layouts/application (3.0ms)
Completed 200 OK in 10ms (Views: 9.9ms | ActiveRecord: 0.0ms)


Started GET "/" for 127.0.0.1 at Wed Apr 25 23:41:48 +0200 2012
  Processing by LandingController#index as HTML
Rendered landing/index.html.erb within layouts/application (2.7ms)
Completed 200 OK in 10ms (Views: 9.5ms | ActiveRecord: 0.0ms)


Started GET "/" for 127.0.0.1 at Thu Apr 26 18:59:38 +0200 2012
  Processing by LandingController#index as HTML
Rendered landing/index.html.erb within layouts/application (3.3ms)
Completed 200 OK in 24ms (Views: 23.3ms | ActiveRecord: 0.0ms)


Started GET "/" for 127.0.0.1 at Thu Apr 26 19:10:50 +0200 2012
  Processing by LandingController#index as HTML
Rendered landing/index.html.erb within layouts/application (3.0ms)
Completed 200 OK in 10ms (Views: 9.3ms | ActiveRecord: 0.0ms)


Started GET "/" for 127.0.0.1 at Thu Apr 26 20:06:20 +0200 2012
  Processing by LandingController#index as HTML
Rendered landing/index.html.erb within layouts/application (2.8ms)
Completed 200 OK in 10ms (Views: 9.6ms | ActiveRecord: 0.0ms)


Started GET "/" for 127.0.0.1 at Thu Apr 26 20:07:37 +0200 2012
  Processing by LandingController#index as HTML
Rendered landing/index.html.erb within layouts/application (2.9ms)
Completed 200 OK in 10ms (Views: 9.5ms | ActiveRecord: 0.0ms)


Started GET "/" for 127.0.0.1 at Thu Apr 26 20:08:19 +0200 2012
  Processing by LandingController#index as HTML
Rendered landing/index.html.erb within layouts/application (2.7ms)
Completed 200 OK in 11ms (Views: 10.3ms | ActiveRecord: 0.0ms)


Started GET "/" for 127.0.0.1 at Thu Apr 26 20:10:42 +0200 2012
  Processing by LandingController#index as HTML
Rendered landing/index.html.erb within layouts/application (3.0ms)
Completed 200 OK in 10ms (Views: 9.6ms | ActiveRecord: 0.0ms)


Started GET "/" for 127.0.0.1 at Thu Apr 26 20:10:58 +0200 2012
  Processing by LandingController#index as HTML
Rendered landing/index.html.erb within layouts/application (2.7ms)
Completed 200 OK in 10ms (Views: 9.4ms | ActiveRecord: 0.0ms)


Started GET "/" for 127.0.0.1 at Thu Apr 26 20:11:34 +0200 2012
  Processing by LandingController#index as HTML
Rendered landing/index.html.erb within layouts/application (2.8ms)
Completed 200 OK in 10ms (Views: 9.3ms | ActiveRecord: 0.0ms)


Started GET "/" for 127.0.0.1 at Thu Apr 26 20:11:54 +0200 2012
  Processing by LandingController#index as HTML
Rendered landing/index.html.erb within layouts/application (2.6ms)
Completed 200 OK in 10ms (Views: 9.3ms | ActiveRecord: 0.0ms)


Started GET "/" for 127.0.0.1 at Thu Apr 26 20:12:21 +0200 2012
  Processing by LandingController#index as HTML
Rendered landing/index.html.erb within layouts/application (2.9ms)
Completed 200 OK in 10ms (Views: 9.3ms | ActiveRecord: 0.0ms)


Started GET "/" for 127.0.0.1 at Thu Apr 26 20:12:29 +0200 2012
  Processing by LandingController#index as HTML
Rendered landing/index.html.erb within layouts/application (2.9ms)
Completed 200 OK in 10ms (Views: 9.4ms | ActiveRecord: 0.0ms)


Started GET "/" for 127.0.0.1 at Thu Apr 26 20:13:40 +0200 2012
  Processing by LandingController#index as HTML
Rendered landing/index.html.erb within layouts/application (2.7ms)
Completed 200 OK in 10ms (Views: 9.3ms | ActiveRecord: 0.0ms)


Started GET "/" for 127.0.0.1 at Thu Apr 26 20:13:51 +0200 2012
  Processing by LandingController#index as HTML
Rendered landing/index.html.erb within layouts/application (2.7ms)
Completed 200 OK in 10ms (Views: 9.3ms | ActiveRecord: 0.0ms)


Started GET "/" for 127.0.0.1 at Thu Apr 26 20:17:31 +0200 2012
  Processing by LandingController#index as HTML
Rendered landing/index.html.erb within layouts/application (3.0ms)
Completed 200 OK in 10ms (Views: 9.6ms | ActiveRecord: 0.0ms)


Started GET "/" for 127.0.0.1 at Thu Apr 26 21:01:49 +0200 2012
  Processing by LandingController#index as HTML
Rendered landing/index.html.erb within layouts/application (3.4ms)
Completed 200 OK in 22ms (Views: 21.3ms | ActiveRecord: 0.0ms)


Started GET "/" for 127.0.0.1 at Thu Apr 26 21:10:47 +0200 2012
  Processing by LandingController#index as HTML
Rendered landing/index.html.erb within layouts/application (2.7ms)
Completed 200 OK in 10ms (Views: 9.9ms | ActiveRecord: 0.0ms)


Started GET "/" for 127.0.0.1 at Thu Apr 26 21:11:22 +0200 2012
  Processing by LandingController#index as HTML
Rendered landing/index.html.erb within layouts/application (2.9ms)
Completed 200 OK in 10ms (Views: 9.4ms | ActiveRecord: 0.0ms)


Started GET "/" for 127.0.0.1 at Thu Apr 26 21:11:30 +0200 2012
  Processing by LandingController#index as HTML
Rendered landing/index.html.erb within layouts/application (2.9ms)
Completed 200 OK in 10ms (Views: 9.5ms | ActiveRecord: 0.0ms)


Started GET "/" for 127.0.0.1 at Thu Apr 26 21:11:36 +0200 2012
  Processing by LandingController#index as HTML
Rendered landing/index.html.erb within layouts/application (2.8ms)
Completed 200 OK in 86ms (Views: 85.6ms | ActiveRecord: 0.0ms)


Started GET "/" for 127.0.0.1 at Thu Apr 26 21:12:19 +0200 2012
  Processing by LandingController#index as HTML
Rendered landing/index.html.erb within layouts/application (2.8ms)
Completed 200 OK in 10ms (Views: 9.2ms | ActiveRecord: 0.0ms)


Started GET "/" for 127.0.0.1 at Thu Apr 26 21:12:21 +0200 2012
  Processing by LandingController#index as HTML
Rendered landing/index.html.erb within layouts/application (2.7ms)
Completed 200 OK in 12ms (Views: 11.3ms | ActiveRecord: 0.0ms)


Started GET "/" for 127.0.0.1 at Thu Apr 26 21:12:27 +0200 2012
  Processing by LandingController#index as HTML
Rendered landing/index.html.erb within layouts/application (2.8ms)
Completed 200 OK in 15ms (Views: 14.6ms | ActiveRecord: 0.0ms)


Started GET "/" for 127.0.0.1 at Thu Apr 26 21:12:43 +0200 2012
  Processing by LandingController#index as HTML
Rendered landing/index.html.erb within layouts/application (3.4ms)
Completed 200 OK in 10ms (Views: 9.9ms | ActiveRecord: 0.0ms)


Started GET "/" for 127.0.0.1 at Thu Apr 26 21:13:46 +0200 2012
  Processing by LandingController#index as HTML
Rendered landing/index.html.erb within layouts/application (2.9ms)
Completed 200 OK in 11ms (Views: 10.4ms | ActiveRecord: 0.0ms)


Started GET "/" for 127.0.0.1 at Thu Apr 26 21:14:45 +0200 2012
  Processing by LandingController#index as HTML
Rendered landing/index.html.erb within layouts/application (2.9ms)
Completed 200 OK in 10ms (Views: 9.5ms | ActiveRecord: 0.0ms)


Started GET "/" for 127.0.0.1 at Thu Apr 26 21:14:55 +0200 2012
  Processing by LandingController#index as HTML
Rendered landing/index.html.erb within layouts/application (2.8ms)
Completed 200 OK in 11ms (Views: 10.0ms | ActiveRecord: 0.0ms)


Started GET "/" for 127.0.0.1 at Thu Apr 26 21:15:21 +0200 2012
  Processing by LandingController#index as HTML
Rendered landing/index.html.erb within layouts/application (2.8ms)
Completed 200 OK in 10ms (Views: 9.5ms | ActiveRecord: 0.0ms)


Started GET "/" for 127.0.0.1 at Thu Apr 26 21:15:58 +0200 2012
  Processing by LandingController#index as HTML
Rendered landing/index.html.erb within layouts/application (2.8ms)
Completed 200 OK in 10ms (Views: 9.4ms | ActiveRecord: 0.0ms)


Started GET "/" for 127.0.0.1 at Thu Apr 26 21:16:09 +0200 2012
  Processing by LandingController#index as HTML
Rendered landing/index.html.erb within layouts/application (2.9ms)
Completed 200 OK in 10ms (Views: 9.2ms | ActiveRecord: 0.0ms)


Started GET "/" for 127.0.0.1 at Thu Apr 26 21:16:17 +0200 2012
  Processing by LandingController#index as HTML
Rendered landing/index.html.erb within layouts/application (2.8ms)
Completed 200 OK in 10ms (Views: 9.4ms | ActiveRecord: 0.0ms)


Started GET "/" for 127.0.0.1 at Thu Apr 26 21:17:17 +0200 2012
  Processing by LandingController#index as HTML
Rendered landing/index.html.erb within layouts/application (2.9ms)
Completed 200 OK in 10ms (Views: 9.4ms | ActiveRecord: 0.0ms)


Started GET "/" for 127.0.0.1 at Thu Apr 26 21:17:26 +0200 2012
  Processing by LandingController#index as HTML
Rendered landing/index.html.erb within layouts/application (2.7ms)
Completed 200 OK in 10ms (Views: 9.4ms | ActiveRecord: 0.0ms)


Started GET "/" for 127.0.0.1 at Thu Apr 26 21:17:42 +0200 2012
  Processing by LandingController#index as HTML
Rendered landing/index.html.erb within layouts/application (2.7ms)
Completed 200 OK in 10ms (Views: 9.3ms | ActiveRecord: 0.0ms)


Started GET "/" for 127.0.0.1 at Thu Apr 26 21:17:43 +0200 2012
  Processing by LandingController#index as HTML
Rendered landing/index.html.erb within layouts/application (2.8ms)
Completed 200 OK in 10ms (Views: 9.5ms | ActiveRecord: 0.0ms)


Started GET "/" for 127.0.0.1 at Thu Apr 26 21:19:14 +0200 2012
  Processing by LandingController#index as HTML
Rendered landing/index.html.erb within layouts/application (2.8ms)
Completed 200 OK in 11ms (Views: 10.4ms | ActiveRecord: 0.0ms)


Started GET "/" for 127.0.0.1 at Thu Apr 26 21:19:39 +0200 2012
  Processing by LandingController#index as HTML
Rendered landing/index.html.erb within layouts/application (2.8ms)
Completed 200 OK in 10ms (Views: 9.1ms | ActiveRecord: 0.0ms)


Started GET "/" for 127.0.0.1 at Thu Apr 26 21:20:34 +0200 2012
  Processing by LandingController#index as HTML
Rendered landing/index.html.erb within layouts/application (2.8ms)
Completed 200 OK in 10ms (Views: 9.9ms | ActiveRecord: 0.0ms)


Started GET "/" for 127.0.0.1 at Thu Apr 26 21:20:48 +0200 2012
  Processing by LandingController#index as HTML
Rendered landing/index.html.erb within layouts/application (2.8ms)
Completed 200 OK in 10ms (Views: 9.2ms | ActiveRecord: 0.0ms)


Started GET "/" for 127.0.0.1 at Thu Apr 26 21:21:14 +0200 2012
  Processing by LandingController#index as HTML
Rendered landing/index.html.erb within layouts/application (2.7ms)
Completed 200 OK in 10ms (Views: 9.3ms | ActiveRecord: 0.0ms)


Started GET "/" for 127.0.0.1 at Thu Apr 26 21:21:19 +0200 2012
  Processing by LandingController#index as HTML
Rendered landing/index.html.erb within layouts/application (2.8ms)
Completed 200 OK in 10ms (Views: 9.3ms | ActiveRecord: 0.0ms)


Started GET "/" for 127.0.0.1 at Thu Apr 26 21:21:31 +0200 2012
  Processing by LandingController#index as HTML
Rendered landing/index.html.erb within layouts/application (5.7ms)
Completed 200 OK in 13ms (Views: 12.8ms | ActiveRecord: 0.0ms)


Started GET "/" for 127.0.0.1 at Thu Apr 26 21:21:44 +0200 2012
  Processing by LandingController#index as HTML
Rendered landing/index.html.erb within layouts/application (2.8ms)
Completed 200 OK in 10ms (Views: 9.5ms | ActiveRecord: 0.0ms)


Started GET "/" for 127.0.0.1 at Thu Apr 26 21:22:11 +0200 2012
  Processing by LandingController#index as HTML
Rendered landing/index.html.erb within layouts/application (3.0ms)
Completed 200 OK in 11ms (Views: 10.6ms | ActiveRecord: 0.0ms)


Started GET "/" for 127.0.0.1 at Thu Apr 26 21:22:19 +0200 2012
  Processing by LandingController#index as HTML
Rendered landing/index.html.erb within layouts/application (2.9ms)
Completed 200 OK in 10ms (Views: 9.3ms | ActiveRecord: 0.0ms)


Started GET "/" for 127.0.0.1 at Thu Apr 26 21:22:31 +0200 2012
  Processing by LandingController#index as HTML
Rendered landing/index.html.erb within layouts/application (2.7ms)
Completed 200 OK in 10ms (Views: 9.4ms | ActiveRecord: 0.0ms)


Started GET "/" for 127.0.0.1 at Thu Apr 26 21:24:07 +0200 2012
  Processing by LandingController#index as HTML
Rendered landing/index.html.erb within layouts/application (2.7ms)
Completed 200 OK in 10ms (Views: 9.5ms | ActiveRecord: 0.0ms)


Started GET "/" for 127.0.0.1 at Thu Apr 26 21:24:19 +0200 2012
  Processing by LandingController#index as HTML
Rendered landing/index.html.erb within layouts/application (2.9ms)
Completed 200 OK in 10ms (Views: 9.6ms | ActiveRecord: 0.0ms)


Started GET "/" for 127.0.0.1 at Thu Apr 26 21:24:38 +0200 2012
  Processing by LandingController#index as HTML
Rendered landing/index.html.erb within layouts/application (3.1ms)
Completed 200 OK in 10ms (Views: 9.9ms | ActiveRecord: 0.0ms)


Started GET "/" for 127.0.0.1 at Thu Apr 26 21:25:11 +0200 2012
  Processing by LandingController#index as HTML
Rendered landing/index.html.erb within layouts/application (2.7ms)
Completed 200 OK in 10ms (Views: 9.5ms | ActiveRecord: 0.0ms)


Started GET "/" for 127.0.0.1 at Thu Apr 26 21:25:20 +0200 2012
  Processing by LandingController#index as HTML
Rendered landing/index.html.erb within layouts/application (2.8ms)
Completed 200 OK in 10ms (Views: 10.0ms | ActiveRecord: 0.0ms)


Started GET "/" for 127.0.0.1 at Thu Apr 26 21:25:47 +0200 2012
  Processing by LandingController#index as HTML
Rendered landing/index.html.erb within layouts/application (3.1ms)
Completed 200 OK in 10ms (Views: 9.8ms | ActiveRecord: 0.0ms)


Started GET "/" for 127.0.0.1 at Thu Apr 26 21:25:55 +0200 2012
  Processing by LandingController#index as HTML
Rendered landing/index.html.erb within layouts/application (3.1ms)
Completed 200 OK in 17ms (Views: 16.5ms | ActiveRecord: 0.0ms)


Started GET "/" for 127.0.0.1 at Thu Apr 26 21:26:02 +0200 2012
  Processing by LandingController#index as HTML
Rendered landing/index.html.erb within layouts/application (2.7ms)
Completed 200 OK in 10ms (Views: 9.8ms | ActiveRecord: 0.0ms)


Started GET "/" for 127.0.0.1 at Thu Apr 26 21:26:09 +0200 2012
  Processing by LandingController#index as HTML
Rendered landing/index.html.erb within layouts/application (3.0ms)
Completed 200 OK in 10ms (Views: 9.9ms | ActiveRecord: 0.0ms)


Started GET "/" for 127.0.0.1 at Thu Apr 26 21:26:23 +0200 2012
  Processing by LandingController#index as HTML
Rendered landing/index.html.erb within layouts/application (2.7ms)
Completed 200 OK in 10ms (Views: 9.5ms | ActiveRecord: 0.0ms)


Started GET "/" for 127.0.0.1 at Thu Apr 26 21:26:28 +0200 2012
  Processing by LandingController#index as HTML
Rendered landing/index.html.erb within layouts/application (2.7ms)
Completed 200 OK in 10ms (Views: 9.7ms | ActiveRecord: 0.0ms)


Started GET "/" for 127.0.0.1 at Thu Apr 26 21:26:37 +0200 2012
  Processing by LandingController#index as HTML
Rendered landing/index.html.erb within layouts/application (2.8ms)
Completed 200 OK in 87ms (Views: 86.1ms | ActiveRecord: 0.0ms)


Started GET "/" for 127.0.0.1 at Thu Apr 26 21:28:41 +0200 2012
  Processing by LandingController#index as HTML
Rendered landing/index.html.erb within layouts/application (2.9ms)
Completed 200 OK in 12ms (Views: 10.9ms | ActiveRecord: 0.0ms)


Started GET "/" for 127.0.0.1 at Thu Apr 26 21:32:54 +0200 2012
  Processing by LandingController#index as HTML
Rendered landing/index.html.erb within layouts/application (2.8ms)
Completed 200 OK in 10ms (Views: 9.9ms | ActiveRecord: 0.0ms)


Started GET "/1.jpg" for 127.0.0.1 at Thu Apr 26 21:32:55 +0200 2012

ActionController::RoutingError (No route matches "/1.jpg"):
  

Rendered /Library/Ruby/Gems/1.8/gems/actionpack-3.0.5/lib/action_dispatch/middleware/templates/rescues/routing_error.erb within rescues/layout (1.4ms)


Started GET "/" for 127.0.0.1 at Thu Apr 26 21:33:03 +0200 2012
  Processing by LandingController#index as HTML
Rendered landing/index.html.erb within layouts/application (2.7ms)
Completed 200 OK in 10ms (Views: 9.3ms | ActiveRecord: 0.0ms)


Started GET "/" for 127.0.0.1 at Thu Apr 26 21:34:36 +0200 2012
  Processing by LandingController#index as HTML
Rendered landing/index.html.erb within layouts/application (2.7ms)
Completed 200 OK in 10ms (Views: 9.6ms | ActiveRecord: 0.0ms)


Started GET "/" for 127.0.0.1 at Thu Apr 26 21:34:45 +0200 2012
  Processing by LandingController#index as HTML
Rendered landing/index.html.erb within layouts/application (2.8ms)
Completed 200 OK in 10ms (Views: 9.5ms | ActiveRecord: 0.0ms)


Started GET "/" for 127.0.0.1 at Thu Apr 26 21:34:55 +0200 2012
  Processing by LandingController#index as HTML
Rendered landing/index.html.erb within layouts/application (2.7ms)
Completed 200 OK in 10ms (Views: 9.9ms | ActiveRecord: 0.0ms)


Started GET "/" for 127.0.0.1 at Thu Apr 26 21:34:59 +0200 2012
  Processing by LandingController#index as HTML
Rendered landing/index.html.erb within layouts/application (2.7ms)
Completed 200 OK in 10ms (Views: 9.7ms | ActiveRecord: 0.0ms)


Started GET "/" for 127.0.0.1 at Thu Apr 26 21:35:48 +0200 2012
  Processing by LandingController#index as HTML
Rendered landing/index.html.erb within layouts/application (2.8ms)
Completed 200 OK in 10ms (Views: 9.5ms | ActiveRecord: 0.0ms)


Started GET "/" for 127.0.0.1 at Thu Apr 26 21:37:42 +0200 2012
  Processing by LandingController#index as HTML
Rendered landing/index.html.erb within layouts/application (2.9ms)
Completed 200 OK in 11ms (Views: 10.1ms | ActiveRecord: 0.0ms)


Started GET "/" for 127.0.0.1 at Thu Apr 26 21:37:56 +0200 2012
  Processing by LandingController#index as HTML
Rendered landing/index.html.erb within layouts/application (2.8ms)
Completed 200 OK in 10ms (Views: 9.6ms | ActiveRecord: 0.0ms)


Started GET "/" for 127.0.0.1 at Thu Apr 26 21:40:19 +0200 2012
  Processing by LandingController#index as HTML
Rendered landing/index.html.erb within layouts/application (2.9ms)
Completed 200 OK in 10ms (Views: 9.7ms | ActiveRecord: 0.0ms)


Started GET "/" for 127.0.0.1 at Thu Apr 26 21:40:29 +0200 2012
  Processing by LandingController#index as HTML
Rendered landing/index.html.erb within layouts/application (3.0ms)
Completed 200 OK in 10ms (Views: 9.6ms | ActiveRecord: 0.0ms)


Started GET "/" for 127.0.0.1 at Thu Apr 26 21:44:04 +0200 2012
  Processing by LandingController#index as HTML
Rendered landing/index.html.erb within layouts/application (2.9ms)
Completed 200 OK in 10ms (Views: 9.8ms | ActiveRecord: 0.0ms)


Started GET "/" for 127.0.0.1 at Thu Apr 26 21:45:00 +0200 2012
  Processing by LandingController#index as HTML
Rendered landing/index.html.erb within layouts/application (3.2ms)
Completed 200 OK in 11ms (Views: 10.1ms | ActiveRecord: 0.0ms)


Started GET "/" for 127.0.0.1 at Thu Apr 26 21:45:20 +0200 2012
  Processing by LandingController#index as HTML
Rendered landing/index.html.erb within layouts/application (3.0ms)
Completed 200 OK in 10ms (Views: 9.3ms | ActiveRecord: 0.0ms)


Started GET "/" for 127.0.0.1 at Thu Apr 26 21:47:45 +0200 2012
  Processing by LandingController#index as HTML
Rendered landing/index.html.erb within layouts/application (2.8ms)
Completed 200 OK in 11ms (Views: 10.4ms | ActiveRecord: 0.0ms)


Started GET "/" for 127.0.0.1 at Thu Apr 26 21:48:00 +0200 2012
  Processing by LandingController#index as HTML
Rendered landing/index.html.erb within layouts/application (2.8ms)
Completed 200 OK in 10ms (Views: 9.5ms | ActiveRecord: 0.0ms)


Started GET "/" for 127.0.0.1 at Thu Apr 26 21:48:11 +0200 2012
  Processing by LandingController#index as HTML
Rendered landing/index.html.erb within layouts/application (3.0ms)
Completed 200 OK in 12ms (Views: 10.9ms | ActiveRecord: 0.0ms)


Started GET "/" for 127.0.0.1 at Thu Apr 26 21:48:15 +0200 2012
  Processing by LandingController#index as HTML
Rendered landing/index.html.erb within layouts/application (2.8ms)
Completed 200 OK in 11ms (Views: 9.9ms | ActiveRecord: 0.0ms)


Started GET "/" for 127.0.0.1 at Thu Apr 26 21:48:19 +0200 2012
  Processing by LandingController#index as HTML
Rendered landing/index.html.erb within layouts/application (2.7ms)
Completed 200 OK in 10ms (Views: 9.4ms | ActiveRecord: 0.0ms)


Started GET "/" for 127.0.0.1 at Thu Apr 26 21:48:32 +0200 2012
  Processing by LandingController#index as HTML
Rendered landing/index.html.erb within layouts/application (2.9ms)
Completed 200 OK in 10ms (Views: 9.7ms | ActiveRecord: 0.0ms)


Started GET "/" for 127.0.0.1 at Thu Apr 26 21:49:04 +0200 2012
  Processing by LandingController#index as HTML
Rendered landing/index.html.erb within layouts/application (2.9ms)
Completed 200 OK in 10ms (Views: 9.7ms | ActiveRecord: 0.0ms)


Started GET "/" for 127.0.0.1 at Thu Apr 26 21:49:46 +0200 2012
  Processing by LandingController#index as HTML
Rendered landing/index.html.erb within layouts/application (2.9ms)
Completed 200 OK in 10ms (Views: 9.7ms | ActiveRecord: 0.0ms)


Started GET "/" for 127.0.0.1 at Thu Apr 26 21:49:57 +0200 2012
  Processing by LandingController#index as HTML
Rendered landing/index.html.erb within layouts/application (2.8ms)
Completed 200 OK in 10ms (Views: 9.6ms | ActiveRecord: 0.0ms)


Started GET "/" for 127.0.0.1 at Thu Apr 26 21:50:07 +0200 2012
  Processing by LandingController#index as HTML
Rendered landing/index.html.erb within layouts/application (2.9ms)
Completed 200 OK in 10ms (Views: 9.5ms | ActiveRecord: 0.0ms)


Started GET "/" for 127.0.0.1 at Thu Apr 26 21:50:20 +0200 2012
  Processing by LandingController#index as HTML
Rendered landing/index.html.erb within layouts/application (2.8ms)
Completed 200 OK in 10ms (Views: 9.6ms | ActiveRecord: 0.0ms)


Started GET "/" for 127.0.0.1 at Thu Apr 26 21:50:29 +0200 2012
  Processing by LandingController#index as HTML
Rendered landing/index.html.erb within layouts/application (2.8ms)
Completed 200 OK in 10ms (Views: 9.4ms | ActiveRecord: 0.0ms)


Started GET "/" for 127.0.0.1 at Thu Apr 26 21:50:34 +0200 2012
  Processing by LandingController#index as HTML
Rendered landing/index.html.erb within layouts/application (2.7ms)
Completed 200 OK in 10ms (Views: 9.3ms | ActiveRecord: 0.0ms)


Started GET "/" for 127.0.0.1 at Thu Apr 26 21:50:46 +0200 2012
  Processing by LandingController#index as HTML
Rendered landing/index.html.erb within layouts/application (76.4ms)
Completed 200 OK in 84ms (Views: 83.4ms | ActiveRecord: 0.0ms)


Started GET "/" for 127.0.0.1 at Thu Apr 26 21:51:21 +0200 2012
  Processing by LandingController#index as HTML
Rendered landing/index.html.erb within layouts/application (2.9ms)
Completed 200 OK in 10ms (Views: 9.7ms | ActiveRecord: 0.0ms)


Started GET "/" for 127.0.0.1 at Thu Apr 26 21:51:29 +0200 2012
  Processing by LandingController#index as HTML
Rendered landing/index.html.erb within layouts/application (2.7ms)
Completed 200 OK in 10ms (Views: 9.5ms | ActiveRecord: 0.0ms)


Started GET "/" for 127.0.0.1 at Thu Apr 26 21:51:32 +0200 2012
  Processing by LandingController#index as HTML
Rendered landing/index.html.erb within layouts/application (3.0ms)
Completed 200 OK in 10ms (Views: 9.6ms | ActiveRecord: 0.0ms)


Started GET "/" for 127.0.0.1 at Thu Apr 26 21:52:44 +0200 2012
  Processing by LandingController#index as HTML
Rendered landing/index.html.erb within layouts/application (3.1ms)
Completed 200 OK in 11ms (Views: 9.7ms | ActiveRecord: 0.0ms)


Started GET "/" for 127.0.0.1 at Thu Apr 26 21:53:01 +0200 2012
  Processing by LandingController#index as HTML
Rendered landing/index.html.erb within layouts/application (2.7ms)
Completed 200 OK in 10ms (Views: 9.7ms | ActiveRecord: 0.0ms)


Started GET "/" for 127.0.0.1 at Thu Apr 26 21:53:30 +0200 2012
  Processing by LandingController#index as HTML
Rendered landing/index.html.erb within layouts/application (2.9ms)
Completed 200 OK in 10ms (Views: 9.5ms | ActiveRecord: 0.0ms)


Started GET "/" for 127.0.0.1 at Thu Apr 26 21:53:41 +0200 2012
  Processing by LandingController#index as HTML
Rendered landing/index.html.erb within layouts/application (2.8ms)
Completed 200 OK in 10ms (Views: 9.7ms | ActiveRecord: 0.0ms)


Started GET "/" for 127.0.0.1 at Thu Apr 26 21:54:27 +0200 2012
  Processing by LandingController#index as HTML
Rendered landing/index.html.erb within layouts/application (3.1ms)
Completed 200 OK in 10ms (Views: 9.5ms | ActiveRecord: 0.0ms)


Started GET "/" for 127.0.0.1 at Thu Apr 26 21:56:17 +0200 2012
  Processing by LandingController#index as HTML
Rendered landing/index.html.erb within layouts/application (2.8ms)
Completed 200 OK in 11ms (Views: 10.0ms | ActiveRecord: 0.0ms)


Started GET "/" for 127.0.0.1 at Thu Apr 26 21:56:44 +0200 2012
  Processing by LandingController#index as HTML
Rendered landing/index.html.erb within layouts/application (2.8ms)
Completed 200 OK in 10ms (Views: 9.8ms | ActiveRecord: 0.0ms)


Started GET "/" for 127.0.0.1 at Thu Apr 26 21:57:00 +0200 2012
  Processing by LandingController#index as HTML
Rendered landing/index.html.erb within layouts/application (2.7ms)
Completed 200 OK in 10ms (Views: 9.6ms | ActiveRecord: 0.0ms)


Started GET "/" for 127.0.0.1 at Thu Apr 26 21:57:47 +0200 2012
  Processing by LandingController#index as HTML
Rendered landing/index.html.erb within layouts/application (2.7ms)
Completed 200 OK in 10ms (Views: 9.6ms | ActiveRecord: 0.0ms)


Started GET "/" for 127.0.0.1 at Thu Apr 26 21:58:16 +0200 2012
  Processing by LandingController#index as HTML
Rendered landing/index.html.erb within layouts/application (2.9ms)
Completed 200 OK in 10ms (Views: 9.2ms | ActiveRecord: 0.0ms)


Started GET "/" for 127.0.0.1 at Thu Apr 26 21:59:08 +0200 2012
  Processing by LandingController#index as HTML
Rendered landing/index.html.erb within layouts/application (2.8ms)
Completed 200 OK in 10ms (Views: 9.5ms | ActiveRecord: 0.0ms)


Started GET "/" for 127.0.0.1 at Thu Apr 26 21:59:34 +0200 2012
  Processing by LandingController#index as HTML
Rendered landing/index.html.erb within layouts/application (2.9ms)
Completed 200 OK in 11ms (Views: 9.6ms | ActiveRecord: 0.0ms)


Started GET "/" for 127.0.0.1 at Thu Apr 26 22:00:04 +0200 2012
  Processing by LandingController#index as HTML
Rendered landing/index.html.erb within layouts/application (3.1ms)
Completed 200 OK in 10ms (Views: 9.7ms | ActiveRecord: 0.0ms)


Started GET "/" for 127.0.0.1 at Thu Apr 26 22:01:19 +0200 2012
  Processing by LandingController#index as HTML
Rendered landing/index.html.erb within layouts/application (2.9ms)
Completed 200 OK in 84ms (Views: 83.3ms | ActiveRecord: 0.0ms)


Started GET "/" for 127.0.0.1 at Thu Apr 26 22:02:34 +0200 2012
  Processing by LandingController#index as HTML
Rendered landing/index.html.erb within layouts/application (2.7ms)
Completed 200 OK in 10ms (Views: 9.9ms | ActiveRecord: 0.0ms)


Started GET "/" for 127.0.0.1 at Thu Apr 26 22:02:50 +0200 2012
  Processing by LandingController#index as HTML
Rendered landing/index.html.erb within layouts/application (2.7ms)
Completed 200 OK in 10ms (Views: 9.4ms | ActiveRecord: 0.0ms)


Started GET "/" for 127.0.0.1 at Thu Apr 26 22:03:14 +0200 2012
  Processing by LandingController#index as HTML
Rendered landing/index.html.erb within layouts/application (3.1ms)
Completed 200 OK in 10ms (Views: 9.6ms | ActiveRecord: 0.0ms)


Started GET "/" for 127.0.0.1 at Thu Apr 26 22:03:39 +0200 2012
  Processing by LandingController#index as HTML
Rendered landing/index.html.erb within layouts/application (2.7ms)
Completed 200 OK in 10ms (Views: 9.2ms | ActiveRecord: 0.0ms)


Started GET "/" for 127.0.0.1 at Thu Apr 26 22:03:55 +0200 2012
  Processing by LandingController#index as HTML
Rendered landing/index.html.erb within layouts/application (2.8ms)
Completed 200 OK in 10ms (Views: 9.4ms | ActiveRecord: 0.0ms)


Started GET "/" for 127.0.0.1 at Thu Apr 26 22:08:19 +0200 2012
  Processing by LandingController#index as HTML
Rendered landing/index.html.erb within layouts/application (2.8ms)
Completed 200 OK in 10ms (Views: 9.4ms | ActiveRecord: 0.0ms)


Started GET "/" for 127.0.0.1 at Thu Apr 26 22:08:55 +0200 2012
  Processing by LandingController#index as HTML
Rendered landing/index.html.erb within layouts/application (3.0ms)
Completed 200 OK in 10ms (Views: 9.7ms | ActiveRecord: 0.0ms)


Started GET "/" for 127.0.0.1 at Thu Apr 26 22:09:03 +0200 2012
  Processing by LandingController#index as HTML
Rendered landing/index.html.erb within layouts/application (4.1ms)
Completed 200 OK in 12ms (Views: 11.7ms | ActiveRecord: 0.0ms)


Started GET "/" for 127.0.0.1 at Thu Apr 26 22:09:23 +0200 2012
  Processing by LandingController#index as HTML
Rendered landing/index.html.erb within layouts/application (2.9ms)
Completed 200 OK in 10ms (Views: 9.2ms | ActiveRecord: 0.0ms)


Started GET "/" for 127.0.0.1 at Thu Apr 26 22:13:00 +0200 2012
  Processing by LandingController#index as HTML
Rendered landing/index.html.erb within layouts/application (3.0ms)
Completed 200 OK in 10ms (Views: 9.8ms | ActiveRecord: 0.0ms)


Started GET "/stylesheets/images/png.png" for 127.0.0.1 at Thu Apr 26 22:13:00 +0200 2012

ActionController::RoutingError (No route matches "/stylesheets/images/png.png"):
  

Rendered /Library/Ruby/Gems/1.8/gems/actionpack-3.0.5/lib/action_dispatch/middleware/templates/rescues/routing_error.erb within rescues/layout (1.4ms)


Started GET "/" for 127.0.0.1 at Thu Apr 26 22:13:20 +0200 2012
  Processing by LandingController#index as HTML
Rendered landing/index.html.erb within layouts/application (2.7ms)
Completed 200 OK in 10ms (Views: 9.5ms | ActiveRecord: 0.0ms)


Started GET "/stylesheets/images/png.png" for 127.0.0.1 at Thu Apr 26 22:13:20 +0200 2012

ActionController::RoutingError (No route matches "/stylesheets/images/png.png"):
  

Rendered /Library/Ruby/Gems/1.8/gems/actionpack-3.0.5/lib/action_dispatch/middleware/templates/rescues/routing_error.erb within rescues/layout (1.0ms)


Started GET "/" for 127.0.0.1 at Thu Apr 26 22:13:30 +0200 2012
  Processing by LandingController#index as HTML
Rendered landing/index.html.erb within layouts/application (3.1ms)
Completed 200 OK in 11ms (Views: 10.3ms | ActiveRecord: 0.0ms)


Started GET "/stylesheets/images/png.png" for 127.0.0.1 at Thu Apr 26 22:13:30 +0200 2012

ActionController::RoutingError (No route matches "/stylesheets/images/png.png"):
  

Rendered /Library/Ruby/Gems/1.8/gems/actionpack-3.0.5/lib/action_dispatch/middleware/templates/rescues/routing_error.erb within rescues/layout (1.0ms)


Started GET "/" for 127.0.0.1 at Thu Apr 26 22:15:37 +0200 2012
  Processing by LandingController#index as HTML
Rendered landing/index.html.erb within layouts/application (2.9ms)
Completed 200 OK in 10ms (Views: 9.5ms | ActiveRecord: 0.0ms)


Started GET "/stylesheets/images/png.png" for 127.0.0.1 at Thu Apr 26 22:15:38 +0200 2012

ActionController::RoutingError (No route matches "/stylesheets/images/png.png"):
  

Rendered /Library/Ruby/Gems/1.8/gems/actionpack-3.0.5/lib/action_dispatch/middleware/templates/rescues/routing_error.erb within rescues/layout (1.1ms)


Started GET "/" for 127.0.0.1 at Thu Apr 26 22:15:48 +0200 2012
  Processing by LandingController#index as HTML
Rendered landing/index.html.erb within layouts/application (2.7ms)
Completed 200 OK in 10ms (Views: 9.7ms | ActiveRecord: 0.0ms)


Started GET "/stylesheets/png.png" for 127.0.0.1 at Thu Apr 26 22:15:48 +0200 2012

ActionController::RoutingError (No route matches "/stylesheets/png.png"):
  

Rendered /Library/Ruby/Gems/1.8/gems/actionpack-3.0.5/lib/action_dispatch/middleware/templates/rescues/routing_error.erb within rescues/layout (1.5ms)


Started GET "/" for 127.0.0.1 at Thu Apr 26 22:16:23 +0200 2012
  Processing by LandingController#index as HTML
Rendered landing/index.html.erb within layouts/application (2.7ms)
Completed 200 OK in 10ms (Views: 9.2ms | ActiveRecord: 0.0ms)


Started GET "/stylesheets/images/png.png" for 127.0.0.1 at Thu Apr 26 22:16:23 +0200 2012

ActionController::RoutingError (No route matches "/stylesheets/images/png.png"):
  

Rendered /Library/Ruby/Gems/1.8/gems/actionpack-3.0.5/lib/action_dispatch/middleware/templates/rescues/routing_error.erb within rescues/layout (1.6ms)


Started GET "/" for 127.0.0.1 at Thu Apr 26 22:17:07 +0200 2012
  Processing by LandingController#index as HTML
Rendered landing/index.html.erb within layouts/application (2.7ms)
Completed 200 OK in 10ms (Views: 9.1ms | ActiveRecord: 0.0ms)


Started GET "/stylesheets/images/png.png" for 127.0.0.1 at Thu Apr 26 22:17:08 +0200 2012

ActionController::RoutingError (No route matches "/stylesheets/images/png.png"):
  

Rendered /Library/Ruby/Gems/1.8/gems/actionpack-3.0.5/lib/action_dispatch/middleware/templates/rescues/routing_error.erb within rescues/layout (4.8ms)


Started GET "/" for 127.0.0.1 at Thu Apr 26 22:17:38 +0200 2012
  Processing by LandingController#index as HTML
Rendered landing/index.html.erb within layouts/application (2.9ms)
Completed 200 OK in 10ms (Views: 9.2ms | ActiveRecord: 0.0ms)


Started GET "/stylesheets/images/png.png" for 127.0.0.1 at Thu Apr 26 22:17:39 +0200 2012

ActionController::RoutingError (No route matches "/stylesheets/images/png.png"):
  

Rendered /Library/Ruby/Gems/1.8/gems/actionpack-3.0.5/lib/action_dispatch/middleware/templates/rescues/routing_error.erb within rescues/layout (0.9ms)


Started GET "/" for 127.0.0.1 at Thu Apr 26 22:17:45 +0200 2012
  Processing by LandingController#index as HTML
Rendered landing/index.html.erb within layouts/application (2.7ms)
Completed 200 OK in 10ms (Views: 9.3ms | ActiveRecord: 0.0ms)


Started GET "/stylesheets/images/png.png" for 127.0.0.1 at Thu Apr 26 22:17:45 +0200 2012

ActionController::RoutingError (No route matches "/stylesheets/images/png.png"):
  

Rendered /Library/Ruby/Gems/1.8/gems/actionpack-3.0.5/lib/action_dispatch/middleware/templates/rescues/routing_error.erb within rescues/layout (1.6ms)


Started GET "/" for 127.0.0.1 at Thu Apr 26 22:17:54 +0200 2012
  Processing by LandingController#index as HTML
Rendered landing/index.html.erb within layouts/application (3.1ms)
Completed 200 OK in 11ms (Views: 10.0ms | ActiveRecord: 0.0ms)


Started GET "/stylesheets/images/png.png" for 127.0.0.1 at Thu Apr 26 22:17:55 +0200 2012

ActionController::RoutingError (No route matches "/stylesheets/images/png.png"):
  

Rendered /Library/Ruby/Gems/1.8/gems/actionpack-3.0.5/lib/action_dispatch/middleware/templates/rescues/routing_error.erb within rescues/layout (1.0ms)


Started GET "/" for 127.0.0.1 at Thu Apr 26 22:17:59 +0200 2012
  Processing by LandingController#index as HTML
Rendered landing/index.html.erb within layouts/application (2.8ms)
Completed 200 OK in 10ms (Views: 9.4ms | ActiveRecord: 0.0ms)


Started GET "/stylesheets/images/png.png" for 127.0.0.1 at Thu Apr 26 22:18:00 +0200 2012

ActionController::RoutingError (No route matches "/stylesheets/images/png.png"):
  

Rendered /Library/Ruby/Gems/1.8/gems/actionpack-3.0.5/lib/action_dispatch/middleware/templates/rescues/routing_error.erb within rescues/layout (1.7ms)


Started GET "/" for 127.0.0.1 at Thu Apr 26 22:18:11 +0200 2012
  Processing by LandingController#index as HTML
Rendered landing/index.html.erb within layouts/application (2.7ms)
Completed 200 OK in 10ms (Views: 9.2ms | ActiveRecord: 0.0ms)


Started GET "/stylesheets/images/png.png" for 127.0.0.1 at Thu Apr 26 22:18:11 +0200 2012

ActionController::RoutingError (No route matches "/stylesheets/images/png.png"):
  

Rendered /Library/Ruby/Gems/1.8/gems/actionpack-3.0.5/lib/action_dispatch/middleware/templates/rescues/routing_error.erb within rescues/layout (1.0ms)


Started GET "/" for 127.0.0.1 at Thu Apr 26 22:19:33 +0200 2012
  Processing by LandingController#index as HTML
Rendered landing/index.html.erb within layouts/application (2.7ms)
Completed 200 OK in 10ms (Views: 9.6ms | ActiveRecord: 0.0ms)


Started GET "/" for 127.0.0.1 at Thu Apr 26 22:22:36 +0200 2012
  Processing by LandingController#index as HTML
Rendered landing/index.html.erb within layouts/application (3.0ms)
Completed 200 OK in 10ms (Views: 9.9ms | ActiveRecord: 0.0ms)


Started GET "/" for 127.0.0.1 at Thu Apr 26 22:23:09 +0200 2012
  Processing by LandingController#index as HTML
Rendered landing/index.html.erb within layouts/application (2.9ms)
Completed 200 OK in 10ms (Views: 9.7ms | ActiveRecord: 0.0ms)


Started GET "/" for 127.0.0.1 at Thu Apr 26 22:27:07 +0200 2012
  Processing by LandingController#index as HTML
Rendered landing/index.html.erb within layouts/application (2.8ms)
Completed 200 OK in 10ms (Views: 9.3ms | ActiveRecord: 0.0ms)


Started GET "/" for 127.0.0.1 at Thu Apr 26 22:27:18 +0200 2012
  Processing by LandingController#index as HTML
Rendered landing/index.html.erb within layouts/application (2.9ms)
Completed 200 OK in 13ms (Views: 12.9ms | ActiveRecord: 0.0ms)


Started GET "/" for 127.0.0.1 at Thu Apr 26 22:27:39 +0200 2012
  Processing by LandingController#index as HTML
Rendered landing/index.html.erb within layouts/application (3.0ms)
Completed 200 OK in 10ms (Views: 9.5ms | ActiveRecord: 0.0ms)


Started GET "/" for 127.0.0.1 at Thu Apr 26 22:28:22 +0200 2012
  Processing by LandingController#index as HTML
Rendered landing/index.html.erb within layouts/application (2.8ms)
Completed 200 OK in 10ms (Views: 9.5ms | ActiveRecord: 0.0ms)


Started GET "/" for 127.0.0.1 at Thu Apr 26 22:35:40 +0200 2012
  Processing by LandingController#index as HTML
Rendered landing/index.html.erb within layouts/application (19.2ms)
Completed 200 OK in 27ms (Views: 26.2ms | ActiveRecord: 0.0ms)


Started GET "/" for 127.0.0.1 at Thu Apr 26 22:35:44 +0200 2012
  Processing by LandingController#index as HTML
Rendered landing/index.html.erb within layouts/application (2.8ms)
Completed 200 OK in 11ms (Views: 9.7ms | ActiveRecord: 0.0ms)


Started GET "/" for 127.0.0.1 at Thu Apr 26 23:02:22 +0200 2012
  Processing by LandingController#index as HTML
Rendered landing/index.html.erb within layouts/application (2.9ms)
Completed 200 OK in 10ms (Views: 9.6ms | ActiveRecord: 0.0ms)


Started GET "/" for 127.0.0.1 at Thu Apr 26 23:06:14 +0200 2012
  Processing by LandingController#index as HTML
Rendered landing/index.html.erb within layouts/application (2.8ms)
Completed 200 OK in 10ms (Views: 9.6ms | ActiveRecord: 0.0ms)


Started GET "/images/12.png" for 127.0.0.1 at Thu Apr 26 23:06:14 +0200 2012

ActionController::RoutingError (No route matches "/images/12.png"):
  

Rendered /Library/Ruby/Gems/1.8/gems/actionpack-3.0.5/lib/action_dispatch/middleware/templates/rescues/routing_error.erb within rescues/layout (1.1ms)


Started GET "/" for 127.0.0.1 at Thu Apr 26 23:06:21 +0200 2012
  Processing by LandingController#index as HTML
Rendered landing/index.html.erb within layouts/application (2.8ms)
Completed 200 OK in 10ms (Views: 9.8ms | ActiveRecord: 0.0ms)


Started GET "/images/12.png" for 127.0.0.1 at Thu Apr 26 23:06:22 +0200 2012

ActionController::RoutingError (No route matches "/images/12.png"):
  

Rendered /Library/Ruby/Gems/1.8/gems/actionpack-3.0.5/lib/action_dispatch/middleware/templates/rescues/routing_error.erb within rescues/layout (1.0ms)


Started GET "/" for 127.0.0.1 at Thu Apr 26 23:06:43 +0200 2012
  Processing by LandingController#index as HTML
Rendered landing/index.html.erb within layouts/application (2.7ms)
Completed 200 OK in 10ms (Views: 9.7ms | ActiveRecord: 0.0ms)


Started GET "/" for 127.0.0.1 at Thu Apr 26 23:25:44 +0200 2012
  Processing by LandingController#index as HTML
Rendered landing/index.html.erb within layouts/application (2.8ms)
Completed 200 OK in 10ms (Views: 9.6ms | ActiveRecord: 0.0ms)


Started GET "/" for 127.0.0.1 at Thu Apr 26 23:27:01 +0200 2012
  Processing by LandingController#index as HTML
Rendered landing/index.html.erb within layouts/application (2.9ms)
Completed 200 OK in 10ms (Views: 9.2ms | ActiveRecord: 0.0ms)


Started GET "/" for 127.0.0.1 at Thu Apr 26 23:29:13 +0200 2012
  Processing by LandingController#index as HTML
Rendered landing/index.html.erb within layouts/application (2.8ms)
Completed 200 OK in 10ms (Views: 9.6ms | ActiveRecord: 0.0ms)


Started GET "/" for 127.0.0.1 at Thu Apr 26 23:29:19 +0200 2012
  Processing by LandingController#index as HTML
Rendered landing/index.html.erb within layouts/application (2.9ms)
Completed 200 OK in 10ms (Views: 9.8ms | ActiveRecord: 0.0ms)


Started GET "/stylesheets/images/bg.jpg" for 127.0.0.1 at Thu Apr 26 23:29:19 +0200 2012

ActionController::RoutingError (No route matches "/stylesheets/images/bg.jpg"):
  

Rendered /Library/Ruby/Gems/1.8/gems/actionpack-3.0.5/lib/action_dispatch/middleware/templates/rescues/routing_error.erb within rescues/layout (1.0ms)


Started GET "/" for 127.0.0.1 at Thu Apr 26 23:29:22 +0200 2012
  Processing by LandingController#index as HTML
Rendered landing/index.html.erb within layouts/application (2.8ms)
Completed 200 OK in 88ms (Views: 87.3ms | ActiveRecord: 0.0ms)


Started GET "/stylesheets/images/bg.jpg" for 127.0.0.1 at Thu Apr 26 23:29:22 +0200 2012

ActionController::RoutingError (No route matches "/stylesheets/images/bg.jpg"):
  

Rendered /Library/Ruby/Gems/1.8/gems/actionpack-3.0.5/lib/action_dispatch/middleware/templates/rescues/routing_error.erb within rescues/layout (1.0ms)


Started GET "/" for 127.0.0.1 at Thu Apr 26 23:29:52 +0200 2012
  Processing by LandingController#index as HTML
Rendered landing/index.html.erb within layouts/application (2.8ms)
Completed 200 OK in 10ms (Views: 9.4ms | ActiveRecord: 0.0ms)


Started GET "/stylesheets/images/bg.jpg" for 127.0.0.1 at Thu Apr 26 23:29:52 +0200 2012

ActionController::RoutingError (No route matches "/stylesheets/images/bg.jpg"):
  

Rendered /Library/Ruby/Gems/1.8/gems/actionpack-3.0.5/lib/action_dispatch/middleware/templates/rescues/routing_error.erb within rescues/layout (1.1ms)


Started GET "/" for 127.0.0.1 at Thu Apr 26 23:29:58 +0200 2012
  Processing by LandingController#index as HTML
Rendered landing/index.html.erb within layouts/application (2.8ms)
Completed 200 OK in 10ms (Views: 9.4ms | ActiveRecord: 0.0ms)


Started GET "/stylesheets/images/bg.jpg" for 127.0.0.1 at Thu Apr 26 23:29:58 +0200 2012

ActionController::RoutingError (No route matches "/stylesheets/images/bg.jpg"):
  

Rendered /Library/Ruby/Gems/1.8/gems/actionpack-3.0.5/lib/action_dispatch/middleware/templates/rescues/routing_error.erb within rescues/layout (1.0ms)


Started GET "/" for 127.0.0.1 at Thu Apr 26 23:30:02 +0200 2012
  Processing by LandingController#index as HTML
Rendered landing/index.html.erb within layouts/application (3.1ms)
Completed 200 OK in 10ms (Views: 9.8ms | ActiveRecord: 0.0ms)


Started GET "/" for 127.0.0.1 at Thu Apr 26 23:30:08 +0200 2012
  Processing by LandingController#index as HTML
Rendered landing/index.html.erb within layouts/application (2.8ms)
Completed 200 OK in 87ms (Views: 86.7ms | ActiveRecord: 0.0ms)


Started GET "/" for 127.0.0.1 at Thu Apr 26 23:30:12 +0200 2012
  Processing by LandingController#index as HTML
Rendered landing/index.html.erb within layouts/application (2.7ms)
Completed 200 OK in 10ms (Views: 9.6ms | ActiveRecord: 0.0ms)


Started GET "/stylesheets/images/bg.jpg" for 127.0.0.1 at Thu Apr 26 23:30:13 +0200 2012

ActionController::RoutingError (No route matches "/stylesheets/images/bg.jpg"):
  

Rendered /Library/Ruby/Gems/1.8/gems/actionpack-3.0.5/lib/action_dispatch/middleware/templates/rescues/routing_error.erb within rescues/layout (1.0ms)


Started GET "/" for 127.0.0.1 at Thu Apr 26 23:30:17 +0200 2012
  Processing by LandingController#index as HTML
Rendered landing/index.html.erb within layouts/application (2.8ms)
Completed 200 OK in 10ms (Views: 9.6ms | ActiveRecord: 0.0ms)


Started GET "/" for 127.0.0.1 at Thu Apr 26 23:30:55 +0200 2012
  Processing by LandingController#index as HTML
Rendered landing/index.html.erb within layouts/application (2.8ms)
Completed 200 OK in 10ms (Views: 9.0ms | ActiveRecord: 0.0ms)


Started GET "/" for 127.0.0.1 at Thu Apr 26 23:31:02 +0200 2012
  Processing by LandingController#index as HTML
Rendered landing/index.html.erb within layouts/application (2.8ms)
Completed 200 OK in 10ms (Views: 9.4ms | ActiveRecord: 0.0ms)


Started GET "/" for 127.0.0.1 at Thu Apr 26 23:31:20 +0200 2012
  Processing by LandingController#index as HTML
Rendered landing/index.html.erb within layouts/application (2.8ms)
Completed 200 OK in 10ms (Views: 9.2ms | ActiveRecord: 0.0ms)


Started GET "/" for 127.0.0.1 at Thu Apr 26 23:31:24 +0200 2012
  Processing by LandingController#index as HTML
Rendered landing/index.html.erb within layouts/application (2.8ms)
Completed 200 OK in 16ms (Views: 15.7ms | ActiveRecord: 0.0ms)


Started GET "/" for 127.0.0.1 at Thu Apr 26 23:31:28 +0200 2012
  Processing by LandingController#index as HTML
Rendered landing/index.html.erb within layouts/application (2.8ms)
Completed 200 OK in 10ms (Views: 9.4ms | ActiveRecord: 0.0ms)


Started GET "/" for 127.0.0.1 at Thu Apr 26 23:31:33 +0200 2012
  Processing by LandingController#index as HTML
Rendered landing/index.html.erb within layouts/application (3.1ms)
Completed 200 OK in 13ms (Views: 12.7ms | ActiveRecord: 0.0ms)


Started GET "/stylesheets/images/bg.jpg" for 127.0.0.1 at Thu Apr 26 23:31:34 +0200 2012

ActionController::RoutingError (No route matches "/stylesheets/images/bg.jpg"):
  

Rendered /Library/Ruby/Gems/1.8/gems/actionpack-3.0.5/lib/action_dispatch/middleware/templates/rescues/routing_error.erb within rescues/layout (1.1ms)


Started GET "/" for 127.0.0.1 at Thu Apr 26 23:31:48 +0200 2012
  Processing by LandingController#index as HTML
Rendered landing/index.html.erb within layouts/application (3.0ms)
Completed 200 OK in 10ms (Views: 9.4ms | ActiveRecord: 0.0ms)


Started GET "/stylesheets/bg.jpg" for 127.0.0.1 at Thu Apr 26 23:31:48 +0200 2012

ActionController::RoutingError (No route matches "/stylesheets/bg.jpg"):
  

Rendered /Library/Ruby/Gems/1.8/gems/actionpack-3.0.5/lib/action_dispatch/middleware/templates/rescues/routing_error.erb within rescues/layout (1.1ms)


Started GET "/" for 127.0.0.1 at Thu Apr 26 23:31:58 +0200 2012
  Processing by LandingController#index as HTML
Rendered landing/index.html.erb within layouts/application (2.6ms)
Completed 200 OK in 10ms (Views: 9.1ms | ActiveRecord: 0.0ms)


Started GET "/stylesheets/images/12.jpg" for 127.0.0.1 at Thu Apr 26 23:31:58 +0200 2012

ActionController::RoutingError (No route matches "/stylesheets/images/12.jpg"):
  

Rendered /Library/Ruby/Gems/1.8/gems/actionpack-3.0.5/lib/action_dispatch/middleware/templates/rescues/routing_error.erb within rescues/layout (1.2ms)


Started GET "/" for 127.0.0.1 at Thu Apr 26 23:32:21 +0200 2012
  Processing by LandingController#index as HTML
Rendered landing/index.html.erb within layouts/application (3.1ms)
Completed 200 OK in 10ms (Views: 9.8ms | ActiveRecord: 0.0ms)


Started GET "/stylesheets/images/bg.jpg" for 127.0.0.1 at Thu Apr 26 23:32:21 +0200 2012

ActionController::RoutingError (No route matches "/stylesheets/images/bg.jpg"):
  

Rendered /Library/Ruby/Gems/1.8/gems/actionpack-3.0.5/lib/action_dispatch/middleware/templates/rescues/routing_error.erb within rescues/layout (1.1ms)


Started GET "/" for 127.0.0.1 at Thu Apr 26 23:32:27 +0200 2012
  Processing by LandingController#index as HTML
Rendered landing/index.html.erb within layouts/application (2.7ms)
Completed 200 OK in 10ms (Views: 9.4ms | ActiveRecord: 0.0ms)


Started GET "/stylesheets/images/bg.jpg" for 127.0.0.1 at Thu Apr 26 23:32:27 +0200 2012

ActionController::RoutingError (No route matches "/stylesheets/images/bg.jpg"):
  

Rendered /Library/Ruby/Gems/1.8/gems/actionpack-3.0.5/lib/action_dispatch/middleware/templates/rescues/routing_error.erb within rescues/layout (1.1ms)


Started GET "/stylesheets/images/bg.jpg" for 127.0.0.1 at Thu Apr 26 23:32:27 +0200 2012

ActionController::RoutingError (No route matches "/stylesheets/images/bg.jpg"):
  

Rendered /Library/Ruby/Gems/1.8/gems/actionpack-3.0.5/lib/action_dispatch/middleware/templates/rescues/routing_error.erb within rescues/layout (1.1ms)


Started GET "/" for 127.0.0.1 at Thu Apr 26 23:32:31 +0200 2012
  Processing by LandingController#index as HTML
Rendered landing/index.html.erb within layouts/application (2.7ms)
Completed 200 OK in 10ms (Views: 9.4ms | ActiveRecord: 0.0ms)


Started GET "/stylesheets/images/bg.jpg" for 127.0.0.1 at Thu Apr 26 23:32:31 +0200 2012

ActionController::RoutingError (No route matches "/stylesheets/images/bg.jpg"):
  

Rendered /Library/Ruby/Gems/1.8/gems/actionpack-3.0.5/lib/action_dispatch/middleware/templates/rescues/routing_error.erb within rescues/layout (1.6ms)


Started GET "/" for 127.0.0.1 at Thu Apr 26 23:33:00 +0200 2012
  Processing by LandingController#index as HTML
Rendered landing/index.html.erb within layouts/application (3.0ms)
Completed 200 OK in 11ms (Views: 10.1ms | ActiveRecord: 0.0ms)


Started GET "/stylesheets/images/bg.jpg" for 127.0.0.1 at Thu Apr 26 23:33:00 +0200 2012

ActionController::RoutingError (No route matches "/stylesheets/images/bg.jpg"):
  

Rendered /Library/Ruby/Gems/1.8/gems/actionpack-3.0.5/lib/action_dispatch/middleware/templates/rescues/routing_error.erb within rescues/layout (1.1ms)


Started GET "/" for 127.0.0.1 at Thu Apr 26 23:33:10 +0200 2012
  Processing by LandingController#index as HTML
Rendered landing/index.html.erb within layouts/application (2.9ms)
Completed 200 OK in 10ms (Views: 9.4ms | ActiveRecord: 0.0ms)


Started GET "/stylesheets/images/bg.jpg" for 127.0.0.1 at Thu Apr 26 23:33:10 +0200 2012

ActionController::RoutingError (No route matches "/stylesheets/images/bg.jpg"):
  

Rendered /Library/Ruby/Gems/1.8/gems/actionpack-3.0.5/lib/action_dispatch/middleware/templates/rescues/routing_error.erb within rescues/layout (1.1ms)


Started GET "/" for 127.0.0.1 at Thu Apr 26 23:33:26 +0200 2012
  Processing by LandingController#index as HTML
Rendered landing/index.html.erb within layouts/application (2.7ms)
Completed 200 OK in 10ms (Views: 9.5ms | ActiveRecord: 0.0ms)


Started GET "/stylesheets/images/bg.jpg" for 127.0.0.1 at Thu Apr 26 23:33:26 +0200 2012

ActionController::RoutingError (No route matches "/stylesheets/images/bg.jpg"):
  

Rendered /Library/Ruby/Gems/1.8/gems/actionpack-3.0.5/lib/action_dispatch/middleware/templates/rescues/routing_error.erb within rescues/layout (2.6ms)


Started GET "/" for 127.0.0.1 at Thu Apr 26 23:33:40 +0200 2012
  Processing by LandingController#index as HTML
Rendered landing/index.html.erb within layouts/application (2.7ms)
Completed 200 OK in 10ms (Views: 9.5ms | ActiveRecord: 0.0ms)


Started GET "/" for 127.0.0.1 at Thu Apr 26 23:34:40 +0200 2012
  Processing by LandingController#index as HTML
Rendered landing/index.html.erb within layouts/application (2.7ms)
Completed 200 OK in 10ms (Views: 9.5ms | ActiveRecord: 0.0ms)


Started GET "/" for 127.0.0.1 at Thu Apr 26 23:34:50 +0200 2012
  Processing by LandingController#index as HTML
Rendered landing/index.html.erb within layouts/application (3.0ms)
Completed 200 OK in 11ms (Views: 10.4ms | ActiveRecord: 0.0ms)


Started GET "/" for 127.0.0.1 at Thu Apr 26 23:35:01 +0200 2012
  Processing by LandingController#index as HTML
Rendered landing/index.html.erb within layouts/application (3.0ms)
Completed 200 OK in 10ms (Views: 9.6ms | ActiveRecord: 0.0ms)


Started GET "/" for 127.0.0.1 at Fri Apr 27 01:07:31 +0200 2012
  Processing by LandingController#index as HTML
Rendered landing/index.html.erb within layouts/application (4.4ms)
Completed 200 OK in 37ms (Views: 36.5ms | ActiveRecord: 0.0ms)


Started GET "/" for 127.0.0.1 at Fri Apr 27 22:13:01 +0200 2012
  Processing by LandingController#index as HTML
Rendered landing/index.html.erb within layouts/application (3.5ms)
Completed 200 OK in 36ms (Views: 35.2ms | ActiveRecord: 0.0ms)


Started GET "/" for 127.0.0.1 at Fri Apr 27 22:13:10 +0200 2012
  Processing by LandingController#index as HTML
Rendered landing/index.html.erb within layouts/application (2.7ms)
Completed 200 OK in 10ms (Views: 9.7ms | ActiveRecord: 0.0ms)


Started GET "/custom.css" for 127.0.0.1 at Fri Apr 27 22:15:33 +0200 2012

ActionController::RoutingError (No route matches "/custom.css"):
  

Rendered /Library/Ruby/Gems/1.8/gems/actionpack-3.0.5/lib/action_dispatch/middleware/templates/rescues/routing_error.erb within rescues/layout (1.3ms)


Started GET "/custom.css" for 127.0.0.1 at Fri Apr 27 22:19:31 +0200 2012

ActionController::RoutingError (No route matches "/custom.css"):
  

Rendered /Library/Ruby/Gems/1.8/gems/actionpack-3.0.5/lib/action_dispatch/middleware/templates/rescues/routing_error.erb within rescues/layout (0.9ms)
